This file contains any messages produced by compilers while
running configure, to aid debugging if configure makes a mistake.

It was created by libdrm configure 2.4.75, which was
generated by GNU Autoconf 2.69.  Invocation command line was

  $ ./configure 

## --------- ##
## Platform. ##
## --------- ##

hostname = ubuntu
uname -m = x86_64
uname -r = 4.8.0-22-generic
uname -s = Linux
uname -v = #24-Ubuntu SMP Sat Oct 8 09:15:00 UTC 2016

/usr/bin/uname -p = unknown
/bin/uname -X     = unknown

/bin/arch              = unknown
/usr/bin/arch -k       = unknown
/usr/convex/getsysinfo = unknown
/usr/bin/hostinfo      = unknown
/bin/machine           = unknown
/usr/bin/oslevel       = unknown
/bin/universe          = unknown

PATH: /home/usrd/bin
PATH: /home/usrd/.local/bin
PATH: /usr/local/sbin
PATH: /usr/local/bin
PATH: /usr/sbin
PATH: /usr/bin
PATH: /sbin
PATH: /bin
PATH: /usr/games
PATH: /usr/local/games
PATH: /snap/bin


## ----------- ##
## Core tests. ##
## ----------- ##

configure:2496: checking for xsltproc
configure:2514: found /usr/bin/xsltproc
configure:2526: result: /usr/bin/xsltproc
configure:2609: checking build system type
configure:2623: result: x86_64-unknown-linux-gnu
configure:2643: checking host system type
configure:2656: result: x86_64-unknown-linux-gnu
configure:2676: checking for a sed that does not truncate output
configure:2740: result: /bin/sed
configure:2852: checking for a BSD-compatible install
configure:2920: result: /usr/bin/install -c
configure:2931: checking whether build environment is sane
configure:2986: result: yes
configure:3137: checking for a thread-safe mkdir -p
configure:3176: result: /bin/mkdir -p
configure:3183: checking for gawk
configure:3199: found /usr/bin/gawk
configure:3210: result: gawk
configure:3221: checking whether make sets $(MAKE)
configure:3243: result: yes
configure:3272: checking whether make supports nested variables
configure:3289: result: yes
configure:3428: checking whether make supports nested variables
configure:3445: result: yes
configure:3506: checking for gcc
configure:3522: found /usr/bin/gcc
configure:3533: result: gcc
configure:3762: checking for C compiler version
configure:3771: gcc --version >&5
gcc (Ubuntu 6.2.0-5ubuntu12) 6.2.0 20161005
Copyright (C) 2016 Free Software Foundation, Inc.
This is free software; see the source for copying conditions.  There is NO
warranty; not even for MERCHANTABILITY or FITNESS FOR A PARTICULAR PURPOSE.

configure:3782: $? = 0
configure:3771: gcc -v >&5
Using built-in specs.
COLLECT_GCC=gcc
COLLECT_LTO_WRAPPER=/usr/lib/gcc/x86_64-linux-gnu/6/lto-wrapper
Target: x86_64-linux-gnu
Configured with: ../src/configure -v --with-pkgversion='Ubuntu 6.2.0-5ubuntu12' --with-bugurl=file:///usr/share/doc/gcc-6/README.Bugs --enable-languages=c,ada,c++,java,go,d,fortran,objc,obj-c++ --prefix=/usr --program-suffix=-6 --program-prefix=x86_64-linux-gnu- --enable-shared --enable-linker-build-id --libexecdir=/usr/lib --without-included-gettext --enable-threads=posix --libdir=/usr/lib --enable-nls --with-sysroot=/ --enable-clocale=gnu --enable-libstdcxx-debug --enable-libstdcxx-time=yes --with-default-libstdcxx-abi=new --enable-gnu-unique-object --disable-vtable-verify --enable-libmpx --enable-plugin --enable-default-pie --with-system-zlib --disable-browser-plugin --enable-java-awt=gtk --enable-gtk-cairo --with-java-home=/usr/lib/jvm/java-1.5.0-gcj-6-amd64/jre --enable-java-home --with-jvm-root-dir=/usr/lib/jvm/java-1.5.0-gcj-6-amd64 --with-jvm-jar-dir=/usr/lib/jvm-exports/java-1.5.0-gcj-6-amd64 --with-arch-directory=amd64 --with-ecj-jar=/usr/share/java/eclipse-ecj.jar --enable-objc-gc --enable-multiarch --disable-werror --with-arch-32=i686 --with-abi=m64 --with-multilib-list=m32,m64,mx32 --enable-multilib --with-tune=generic --enable-checking=release --build=x86_64-linux-gnu --host=x86_64-linux-gnu --target=x86_64-linux-gnu
Thread model: posix
gcc version 6.2.0 20161005 (Ubuntu 6.2.0-5ubuntu12) 
configure:3782: $? = 0
configure:3771: gcc -V >&5
gcc: error: unrecognized command line option '-V'
gcc: fatal error: no input files
compilation terminated.
configure:3782: $? = 1
configure:3771: gcc -qversion >&5
gcc: error: unrecognized command line option '-qversion'; did you mean '--version'?
gcc: fatal error: no input files
compilation terminated.
configure:3782: $? = 1
configure:3802: checking whether the C compiler works
configure:3824: gcc    conftest.c  >&5
configure:3828: $? = 0
configure:3876: result: yes
configure:3879: checking for C compiler default output file name
configure:3881: result: a.out
configure:3887: checking for suffix of executables
configure:3894: gcc -o conftest    conftest.c  >&5
configure:3898: $? = 0
configure:3920: result: 
configure:3942: checking whether we are cross compiling
configure:3950: gcc -o conftest    conftest.c  >&5
configure:3954: $? = 0
configure:3961: ./conftest
configure:3965: $? = 0
configure:3980: result: no
configure:3985: checking for suffix of object files
configure:4007: gcc -c   conftest.c >&5
configure:4011: $? = 0
configure:4032: result: o
configure:4036: checking whether we are using the GNU C compiler
configure:4055: gcc -c   conftest.c >&5
configure:4055: $? = 0
configure:4064: result: yes
configure:4073: checking whether gcc accepts -g
configure:4093: gcc -c -g  conftest.c >&5
configure:4093: $? = 0
configure:4134: result: yes
configure:4151: checking for gcc option to accept ISO C89
configure:4214: gcc  -c -g -O2  conftest.c >&5
configure:4214: $? = 0
configure:4227: result: none needed
configure:4252: checking whether gcc understands -c and -o together
configure:4274: gcc -c conftest.c -o conftest2.o
configure:4277: $? = 0
configure:4274: gcc -c conftest.c -o conftest2.o
configure:4277: $? = 0
configure:4289: result: yes
configure:4317: checking for style of include used by make
configure:4345: result: GNU
configure:4371: checking dependency style of gcc
configure:4482: result: gcc3
configure:4497: checking for gcc option to accept ISO C99
configure:4646: gcc  -c -g -O2  conftest.c >&5
configure:4646: $? = 0
configure:4659: result: none needed
configure:4685: checking how to run the C preprocessor
configure:4716: gcc -E  conftest.c
configure:4716: $? = 0
configure:4730: gcc -E  conftest.c
conftest.c:11:28: fatal error: ac_nonexistent.h: No such file or directory
 #include <ac_nonexistent.h>
                            ^
compilation terminated.
configure:4730: $? = 1
configure: failed program was:
| /* confdefs.h */
| #define PACKAGE_NAME "libdrm"
| #define PACKAGE_TARNAME "libdrm"
| #define PACKAGE_VERSION "2.4.75"
| #define PACKAGE_STRING "libdrm 2.4.75"
| #define PACKAGE_BUGREPORT "https://bugs.freedesktop.org/enter_bug.cgi?product=DRI"
| #define PACKAGE_URL ""
| #define PACKAGE "libdrm"
| #define VERSION "2.4.75"
| /* end confdefs.h.  */
| #include <ac_nonexistent.h>
configure:4755: result: gcc -E
configure:4775: gcc -E  conftest.c
configure:4775: $? = 0
configure:4789: gcc -E  conftest.c
conftest.c:11:28: fatal error: ac_nonexistent.h: No such file or directory
 #include <ac_nonexistent.h>
                            ^
compilation terminated.
configure:4789: $? = 1
configure: failed program was:
| /* confdefs.h */
| #define PACKAGE_NAME "libdrm"
| #define PACKAGE_TARNAME "libdrm"
| #define PACKAGE_VERSION "2.4.75"
| #define PACKAGE_STRING "libdrm 2.4.75"
| #define PACKAGE_BUGREPORT "https://bugs.freedesktop.org/enter_bug.cgi?product=DRI"
| #define PACKAGE_URL ""
| #define PACKAGE "libdrm"
| #define VERSION "2.4.75"
| /* end confdefs.h.  */
| #include <ac_nonexistent.h>
configure:4818: checking for grep that handles long lines and -e
configure:4876: result: /bin/grep
configure:4881: checking for egrep
configure:4943: result: /bin/grep -E
configure:4948: checking for ANSI C header files
configure:4968: gcc -c -g -O2  conftest.c >&5
configure:4968: $? = 0
configure:5041: gcc -o conftest -g -O2   conftest.c  >&5
configure:5041: $? = 0
configure:5041: ./conftest
configure:5041: $? = 0
configure:5052: result: yes
configure:5065: checking for sys/types.h
configure:5065: gcc -c -g -O2  conftest.c >&5
configure:5065: $? = 0
configure:5065: result: yes
configure:5065: checking for sys/stat.h
configure:5065: gcc -c -g -O2  conftest.c >&5
configure:5065: $? = 0
configure:5065: result: yes
configure:5065: checking for stdlib.h
configure:5065: gcc -c -g -O2  conftest.c >&5
configure:5065: $? = 0
configure:5065: result: yes
configure:5065: checking for string.h
configure:5065: gcc -c -g -O2  conftest.c >&5
configure:5065: $? = 0
configure:5065: result: yes
configure:5065: checking for memory.h
configure:5065: gcc -c -g -O2  conftest.c >&5
configure:5065: $? = 0
configure:5065: result: yes
configure:5065: checking for strings.h
configure:5065: gcc -c -g -O2  conftest.c >&5
configure:5065: $? = 0
configure:5065: result: yes
configure:5065: checking for inttypes.h
configure:5065: gcc -c -g -O2  conftest.c >&5
configure:5065: $? = 0
configure:5065: result: yes
configure:5065: checking for stdint.h
configure:5065: gcc -c -g -O2  conftest.c >&5
configure:5065: $? = 0
configure:5065: result: yes
configure:5065: checking for unistd.h
configure:5065: gcc -c -g -O2  conftest.c >&5
configure:5065: $? = 0
configure:5065: result: yes
configure:5078: checking minix/config.h usability
configure:5078: gcc -c -g -O2  conftest.c >&5
conftest.c:54:26: fatal error: minix/config.h: No such file or directory
 #include <minix/config.h>
                          ^
compilation terminated.
configure:5078: $? = 1
configure: failed program was:
| /* confdefs.h */
| #define PACKAGE_NAME "libdrm"
| #define PACKAGE_TARNAME "libdrm"
| #define PACKAGE_VERSION "2.4.75"
| #define PACKAGE_STRING "libdrm 2.4.75"
| #define PACKAGE_BUGREPORT "https://bugs.freedesktop.org/enter_bug.cgi?product=DRI"
| #define PACKAGE_URL ""
| #define PACKAGE "libdrm"
| #define VERSION "2.4.75"
| #define STDC_HEADERS 1
| #define HAVE_SYS_TYPES_H 1
| #define HAVE_SYS_STAT_H 1
| #define HAVE_STDLIB_H 1
| #define HAVE_STRING_H 1
| #define HAVE_MEMORY_H 1
| #define HAVE_STRINGS_H 1
| #define HAVE_INTTYPES_H 1
| #define HAVE_STDINT_H 1
| #define HAVE_UNISTD_H 1
| /* end confdefs.h.  */
| #include <stdio.h>
| #ifdef HAVE_SYS_TYPES_H
| # include <sys/types.h>
| #endif
| #ifdef HAVE_SYS_STAT_H
| # include <sys/stat.h>
| #endif
| #ifdef STDC_HEADERS
| # include <stdlib.h>
| # include <stddef.h>
| #else
| # ifdef HAVE_STDLIB_H
| #  include <stdlib.h>
| # endif
| #endif
| #ifdef HAVE_STRING_H
| # if !defined STDC_HEADERS && defined HAVE_MEMORY_H
| #  include <memory.h>
| # endif
| # include <string.h>
| #endif
| #ifdef HAVE_STRINGS_H
| # include <strings.h>
| #endif
| #ifdef HAVE_INTTYPES_H
| # include <inttypes.h>
| #endif
| #ifdef HAVE_STDINT_H
| # include <stdint.h>
| #endif
| #ifdef HAVE_UNISTD_H
| # include <unistd.h>
| #endif
| #include <minix/config.h>
configure:5078: result: no
configure:5078: checking minix/config.h presence
configure:5078: gcc -E  conftest.c
conftest.c:21:26: fatal error: minix/config.h: No such file or directory
 #include <minix/config.h>
                          ^
compilation terminated.
configure:5078: $? = 1
configure: failed program was:
| /* confdefs.h */
| #define PACKAGE_NAME "libdrm"
| #define PACKAGE_TARNAME "libdrm"
| #define PACKAGE_VERSION "2.4.75"
| #define PACKAGE_STRING "libdrm 2.4.75"
| #define PACKAGE_BUGREPORT "https://bugs.freedesktop.org/enter_bug.cgi?product=DRI"
| #define PACKAGE_URL ""
| #define PACKAGE "libdrm"
| #define VERSION "2.4.75"
| #define STDC_HEADERS 1
| #define HAVE_SYS_TYPES_H 1
| #define HAVE_SYS_STAT_H 1
| #define HAVE_STDLIB_H 1
| #define HAVE_STRING_H 1
| #define HAVE_MEMORY_H 1
| #define HAVE_STRINGS_H 1
| #define HAVE_INTTYPES_H 1
| #define HAVE_STDINT_H 1
| #define HAVE_UNISTD_H 1
| /* end confdefs.h.  */
| #include <minix/config.h>
configure:5078: result: no
configure:5078: checking for minix/config.h
configure:5078: result: no
configure:5099: checking whether it is safe to define __EXTENSIONS__
configure:5117: gcc -c -g -O2  conftest.c >&5
configure:5117: $? = 0
configure:5124: result: yes
configure:5145: checking for special C compiler options needed for large files
configure:5190: result: no
configure:5196: checking for _FILE_OFFSET_BITS value needed for large files
configure:5221: gcc -c -g -O2  conftest.c >&5
configure:5221: $? = 0
configure:5253: result: no
configure:5338: checking for size_t
configure:5338: gcc -c -g -O2  conftest.c >&5
configure:5338: $? = 0
configure:5338: gcc -c -g -O2  conftest.c >&5
conftest.c: In function 'main':
conftest.c:62:21: error: expected expression before ')' token
 if (sizeof ((size_t)))
                     ^
configure:5338: $? = 1
configure: failed program was:
| /* confdefs.h */
| #define PACKAGE_NAME "libdrm"
| #define PACKAGE_TARNAME "libdrm"
| #define PACKAGE_VERSION "2.4.75"
| #define PACKAGE_STRING "libdrm 2.4.75"
| #define PACKAGE_BUGREPORT "https://bugs.freedesktop.org/enter_bug.cgi?product=DRI"
| #define PACKAGE_URL ""
| #define PACKAGE "libdrm"
| #define VERSION "2.4.75"
| #define STDC_HEADERS 1
| #define HAVE_SYS_TYPES_H 1
| #define HAVE_SYS_STAT_H 1
| #define HAVE_STDLIB_H 1
| #define HAVE_STRING_H 1
| #define HAVE_MEMORY_H 1
| #define HAVE_STRINGS_H 1
| #define HAVE_INTTYPES_H 1
| #define HAVE_STDINT_H 1
| #define HAVE_UNISTD_H 1
| #define __EXTENSIONS__ 1
| #define _ALL_SOURCE 1
| #define _GNU_SOURCE 1
| #define _POSIX_PTHREAD_SEMANTICS 1
| #define _TANDEM_SOURCE 1
| /* end confdefs.h.  */
| #include <stdio.h>
| #ifdef HAVE_SYS_TYPES_H
| # include <sys/types.h>
| #endif
| #ifdef HAVE_SYS_STAT_H
| # include <sys/stat.h>
| #endif
| #ifdef STDC_HEADERS
| # include <stdlib.h>
| # include <stddef.h>
| #else
| # ifdef HAVE_STDLIB_H
| #  include <stdlib.h>
| # endif
| #endif
| #ifdef HAVE_STRING_H
| # if !defined STDC_HEADERS && defined HAVE_MEMORY_H
| #  include <memory.h>
| # endif
| # include <string.h>
| #endif
| #ifdef HAVE_STRINGS_H
| # include <strings.h>
| #endif
| #ifdef HAVE_INTTYPES_H
| # include <inttypes.h>
| #endif
| #ifdef HAVE_STDINT_H
| # include <stdint.h>
| #endif
| #ifdef HAVE_UNISTD_H
| # include <unistd.h>
| #endif
| int
| main ()
| {
| if (sizeof ((size_t)))
| 	    return 0;
|   ;
|   return 0;
| }
configure:5338: result: yes
configure:5351: checking for working alloca.h
configure:5368: gcc -o conftest -g -O2   conftest.c  >&5
configure:5368: $? = 0
configure:5376: result: yes
configure:5384: checking for alloca
configure:5421: gcc -o conftest -g -O2   conftest.c  >&5
configure:5421: $? = 0
configure:5429: result: yes
configure:5536: checking whether sys/types.h defines makedev
configure:5552: gcc -o conftest -g -O2   conftest.c  >&5
configure:5552: $? = 0
configure:5561: result: yes
configure:5589: checking sys/sysctl.h usability
configure:5589: gcc -c -g -O2  conftest.c >&5
configure:5589: $? = 0
configure:5589: result: yes
configure:5589: checking sys/sysctl.h presence
configure:5589: gcc -E  conftest.c
configure:5589: $? = 0
configure:5589: result: yes
configure:5589: checking for sys/sysctl.h
configure:5589: result: yes
configure:5589: checking sys/select.h usability
configure:5589: gcc -c -g -O2  conftest.c >&5
configure:5589: $? = 0
configure:5589: result: yes
configure:5589: checking sys/select.h presence
configure:5589: gcc -E  conftest.c
configure:5589: $? = 0
configure:5589: result: yes
configure:5589: checking for sys/select.h
configure:5589: result: yes
configure:5648: checking how to print strings
configure:5675: result: printf
configure:5696: checking for a sed that does not truncate output
configure:5760: result: /bin/sed
configure:5778: checking for fgrep
configure:5840: result: /bin/grep -F
configure:5875: checking for ld used by gcc
configure:5942: result: /usr/bin/ld
configure:5949: checking if the linker (/usr/bin/ld) is GNU ld
configure:5964: result: yes
configure:5976: checking for BSD- or MS-compatible name lister (nm)
configure:6030: result: /usr/bin/nm -B
configure:6160: checking the name lister (/usr/bin/nm -B) interface
configure:6167: gcc -c -g -O2  conftest.c >&5
configure:6170: /usr/bin/nm -B "conftest.o"
configure:6173: output
0000000000000000 B some_variable
configure:6180: result: BSD nm
configure:6183: checking whether ln -s works
configure:6187: result: yes
configure:6195: checking the maximum length of command line arguments
configure:6326: result: 1572864
configure:6374: checking how to convert x86_64-unknown-linux-gnu file names to x86_64-unknown-linux-gnu format
configure:6414: result: func_convert_file_noop
configure:6421: checking how to convert x86_64-unknown-linux-gnu file names to toolchain format
configure:6441: result: func_convert_file_noop
configure:6448: checking for /usr/bin/ld option to reload object files
configure:6455: result: -r
configure:6529: checking for objdump
configure:6545: found /usr/bin/objdump
configure:6556: result: objdump
configure:6588: checking how to recognize dependent libraries
configure:6788: result: pass_all
configure:6873: checking for dlltool
configure:6903: result: no
configure:6933: checking how to associate runtime and link libraries
configure:6960: result: printf %s\n
configure:7020: checking for ar
configure:7036: found /usr/bin/ar
configure:7047: result: ar
configure:7084: checking for archiver @FILE support
configure:7101: gcc -c -g -O2  conftest.c >&5
configure:7101: $? = 0
configure:7104: ar cru libconftest.a @conftest.lst >&5
ar: `u' modifier ignored since `D' is the default (see `U')
configure:7107: $? = 0
configure:7112: ar cru libconftest.a @conftest.lst >&5
ar: `u' modifier ignored since `D' is the default (see `U')
ar: conftest.o: No such file or directory
configure:7115: $? = 1
configure:7127: result: @
configure:7185: checking for strip
configure:7201: found /usr/bin/strip
configure:7212: result: strip
configure:7284: checking for ranlib
configure:7300: found /usr/bin/ranlib
configure:7311: result: ranlib
configure:7413: checking command to parse /usr/bin/nm -B output from gcc object
configure:7566: gcc -c -g -O2  conftest.c >&5
configure:7569: $? = 0
configure:7573: /usr/bin/nm -B conftest.o \| sed -n -e 's/^.*[ ]\([ABCDGIRSTW][ABCDGIRSTW]*\)[ ][ ]*\([_A-Za-z][_A-Za-z0-9]*\)$/\1 \2 \2/p' | sed '/ __gnu_lto/d' \> conftest.nm
configure:7576: $? = 0
configure:7642: gcc -o conftest -g -O2   conftest.c conftstm.o >&5
configure:7645: $? = 0
configure:7683: result: ok
configure:7730: checking for sysroot
configure:7760: result: no
configure:7767: checking for a working dd
configure:7805: result: /bin/dd
configure:7809: checking how to truncate binary pipes
configure:7824: result: /bin/dd bs=4096 count=1
configure:7960: gcc -c -g -O2  conftest.c >&5
configure:7963: $? = 0
configure:8153: checking for mt
configure:8169: found /bin/mt
configure:8180: result: mt
configure:8203: checking if mt is a manifest tool
configure:8209: mt '-?'
configure:8217: result: no
configure:8891: checking for dlfcn.h
configure:8891: gcc -c -g -O2  conftest.c >&5
configure:8891: $? = 0
configure:8891: result: yes
configure:9146: checking for objdir
configure:9161: result: .libs
configure:9425: checking if gcc supports -fno-rtti -fno-exceptions
configure:9443: gcc -c -g -O2  -fno-rtti -fno-exceptions conftest.c >&5
cc1: warning: command line option '-fno-rtti' is valid for C++/ObjC++ but not for C
configure:9447: $? = 0
configure:9460: result: no
configure:9818: checking for gcc option to produce PIC
configure:9825: result: -fPIC -DPIC
configure:9833: checking if gcc PIC flag -fPIC -DPIC works
configure:9851: gcc -c -g -O2  -fPIC -DPIC -DPIC conftest.c >&5
configure:9855: $? = 0
configure:9868: result: yes
configure:9897: checking if gcc static flag -static works
configure:9925: result: yes
configure:9940: checking if gcc supports -c -o file.o
configure:9961: gcc -c -g -O2  -o out/conftest2.o conftest.c >&5
configure:9965: $? = 0
configure:9987: result: yes
configure:9995: checking if gcc supports -c -o file.o
configure:10042: result: yes
configure:10075: checking whether the gcc linker (/usr/bin/ld -m elf_x86_64) supports shared libraries
configure:11334: result: yes
configure:11371: checking whether -lc should be explicitly linked in
configure:11379: gcc -c -g -O2  conftest.c >&5
configure:11382: $? = 0
configure:11397: gcc -shared  -fPIC -DPIC conftest.o  -v -Wl,-soname -Wl,conftest -o conftest 2\>\&1 \| /bin/grep  -lc  \>/dev/null 2\>\&1
configure:11400: $? = 0
configure:11414: result: no
configure:11574: checking dynamic linker characteristics
configure:12155: gcc -o conftest -g -O2   -Wl,-rpath -Wl,/foo conftest.c  >&5
configure:12155: $? = 0
configure:12395: result: GNU/Linux ld.so
configure:12517: checking how to hardcode library paths into programs
configure:12542: result: immediate
configure:13090: checking whether stripping libraries is possible
configure:13095: result: yes
configure:13130: checking if libtool supports shared libraries
configure:13132: result: yes
configure:13135: checking whether to build shared libraries
configure:13160: result: yes
configure:13163: checking whether to build static libraries
configure:13167: result: no
configure:13337: checking for clock_gettime
configure:13337: gcc -o conftest -g -O2   conftest.c  >&5
configure:13337: $? = 0
configure:13337: result: yes
configure:13393: checking for open_memstream
configure:13393: gcc -o conftest -g -O2   conftest.c  >&5
configure:13393: $? = 0
configure:13393: result: yes
configure:13420: checking for supported warning flags
configure:13442: checking whether gcc supports -Wall
configure:13452: gcc -c -g -O2 -Wall  conftest.c >&5
configure:13452: $? = 0
configure:13465: result: yes
configure:13442: checking whether gcc supports -Wextra
configure:13452: gcc -c -g -O2 -Wextra  conftest.c >&5
configure:13452: $? = 0
configure:13465: result: yes
configure:13442: checking whether gcc supports -Wsign-compare
configure:13452: gcc -c -g -O2 -Wsign-compare  conftest.c >&5
configure:13452: $? = 0
configure:13465: result: yes
configure:13442: checking whether gcc supports -Werror-implicit-function-declaration
configure:13452: gcc -c -g -O2 -Werror-implicit-function-declaration  conftest.c >&5
configure:13452: $? = 0
configure:13465: result: yes
configure:13442: checking whether gcc supports -Wpointer-arith
configure:13452: gcc -c -g -O2 -Wpointer-arith  conftest.c >&5
configure:13452: $? = 0
configure:13465: result: yes
configure:13442: checking whether gcc supports -Wwrite-strings
configure:13452: gcc -c -g -O2 -Wwrite-strings  conftest.c >&5
configure:13452: $? = 0
configure:13465: result: yes
configure:13442: checking whether gcc supports -Wstrict-prototypes
configure:13452: gcc -c -g -O2 -Wstrict-prototypes  conftest.c >&5
configure:13452: $? = 0
configure:13465: result: yes
configure:13442: checking whether gcc supports -Wmissing-prototypes
configure:13452: gcc -c -g -O2 -Wmissing-prototypes  conftest.c >&5
configure:13452: $? = 0
configure:13465: result: yes
configure:13442: checking whether gcc supports -Wmissing-declarations
configure:13452: gcc -c -g -O2 -Wmissing-declarations  conftest.c >&5
configure:13452: $? = 0
configure:13465: result: yes
configure:13442: checking whether gcc supports -Wnested-externs
configure:13452: gcc -c -g -O2 -Wnested-externs  conftest.c >&5
configure:13452: $? = 0
configure:13465: result: yes
configure:13442: checking whether gcc supports -Wpacked
configure:13452: gcc -c -g -O2 -Wpacked  conftest.c >&5
configure:13452: $? = 0
configure:13465: result: yes
configure:13442: checking whether gcc supports -Wswitch-enum
configure:13452: gcc -c -g -O2 -Wswitch-enum  conftest.c >&5
configure:13452: $? = 0
configure:13465: result: yes
configure:13442: checking whether gcc supports -Wmissing-format-attribute
configure:13452: gcc -c -g -O2 -Wmissing-format-attribute  conftest.c >&5
configure:13452: $? = 0
configure:13465: result: yes
configure:13442: checking whether gcc supports -Wstrict-aliasing=2
configure:13452: gcc -c -g -O2 -Wstrict-aliasing=2  conftest.c >&5
configure:13452: $? = 0
configure:13465: result: yes
configure:13442: checking whether gcc supports -Winit-self
configure:13452: gcc -c -g -O2 -Winit-self  conftest.c >&5
configure:13452: $? = 0
configure:13465: result: yes
configure:13442: checking whether gcc supports -Wdeclaration-after-statement
configure:13452: gcc -c -g -O2 -Wdeclaration-after-statement  conftest.c >&5
configure:13452: $? = 0
configure:13465: result: yes
configure:13442: checking whether gcc supports -Wold-style-definition
configure:13452: gcc -c -g -O2 -Wold-style-definition  conftest.c >&5
configure:13452: $? = 0
configure:13465: result: yes
configure:13442: checking whether gcc supports -Wno-unused-parameter
configure:13452: gcc -c -g -O2 -Wno-unused-parameter  conftest.c >&5
configure:13452: $? = 0
configure:13465: result: yes
configure:13442: checking whether gcc supports -Wno-attributes
configure:13452: gcc -c -g -O2 -Wno-attributes  conftest.c >&5
configure:13452: $? = 0
configure:13465: result: yes
configure:13442: checking whether gcc supports -Wno-long-long
configure:13452: gcc -c -g -O2 -Wno-long-long  conftest.c >&5
configure:13452: $? = 0
configure:13465: result: yes
configure:13442: checking whether gcc supports -Winline
configure:13452: gcc -c -g -O2 -Winline  conftest.c >&5
configure:13452: $? = 0
configure:13465: result: yes
configure:13442: checking whether gcc supports -Wshadow
configure:13452: gcc -c -g -O2 -Wshadow  conftest.c >&5
configure:13452: $? = 0
configure:13465: result: yes
configure:13442: checking whether gcc supports -Wno-missing-field-initializers
configure:13452: gcc -c -g -O2 -Wno-missing-field-initializers  conftest.c >&5
configure:13452: $? = 0
configure:13465: result: yes
configure:13473: checking which warning flags were supported
configure:13476: result:  -Wall -Wextra -Wsign-compare -Werror-implicit-function-declaration -Wpointer-arith -Wwrite-strings -Wstrict-prototypes -Wmissing-prototypes -Wmissing-declarations -Wnested-externs -Wpacked -Wswitch-enum -Wmissing-format-attribute -Wstrict-aliasing=2 -Winit-self -Wdeclaration-after-statement -Wold-style-definition -Wno-unused-parameter -Wno-attributes -Wno-long-long -Winline -Wshadow -Wno-missing-field-initializers
configure:13481: checking for native atomic primitives
configure:13503: gcc -o conftest -g -O2   conftest.c  >&5
configure:13503: $? = 0
configure:13528: result: Intel
configure:13709: checking for pkg-config
configure:13727: found /usr/bin/pkg-config
configure:13739: result: /usr/bin/pkg-config
configure:13764: checking pkg-config is at least version 0.9.0
configure:13767: result: yes
configure:13777: checking for PCIACCESS
configure:13784: $PKG_CONFIG --exists --print-errors "pciaccess >= 0.10"
configure:13787: $? = 0
configure:13801: $PKG_CONFIG --exists --print-errors "pciaccess >= 0.10"
configure:13804: $? = 0
configure:13862: result: yes
configure:14017: checking for CUNIT
configure:14024: $PKG_CONFIG --exists --print-errors "cunit >= 2.1"
Package cunit was not found in the pkg-config search path.
Perhaps you should add the directory containing `cunit.pc'
to the PKG_CONFIG_PATH environment variable
No package 'cunit' found
configure:14027: $? = 1
configure:14041: $PKG_CONFIG --exists --print-errors "cunit >= 2.1"
Package cunit was not found in the pkg-config search path.
Perhaps you should add the directory containing `cunit.pc'
to the PKG_CONFIG_PATH environment variable
No package 'cunit' found
configure:14044: $? = 1
configure:14058: result: no
No package 'cunit' found
configure:14090: checking for CU_initialize_registry in -lcunit
configure:14115: gcc -o conftest -g -O2   conftest.c -lcunit   >&5
/usr/bin/ld: cannot find -lcunit
collect2: error: ld returned 1 exit status
configure:14115: $? = 1
configure: failed program was:
| /* confdefs.h */
| #define PACKAGE_NAME "libdrm"
| #define PACKAGE_TARNAME "libdrm"
| #define PACKAGE_VERSION "2.4.75"
| #define PACKAGE_STRING "libdrm 2.4.75"
| #define PACKAGE_BUGREPORT "https://bugs.freedesktop.org/enter_bug.cgi?product=DRI"
| #define PACKAGE_URL ""
| #define PACKAGE "libdrm"
| #define VERSION "2.4.75"
| #define STDC_HEADERS 1
| #define HAVE_SYS_TYPES_H 1
| #define HAVE_SYS_STAT_H 1
| #define HAVE_STDLIB_H 1
| #define HAVE_STRING_H 1
| #define HAVE_MEMORY_H 1
| #define HAVE_STRINGS_H 1
| #define HAVE_INTTYPES_H 1
| #define HAVE_STDINT_H 1
| #define HAVE_UNISTD_H 1
| #define __EXTENSIONS__ 1
| #define _ALL_SOURCE 1
| #define _GNU_SOURCE 1
| #define _POSIX_PTHREAD_SEMANTICS 1
| #define _TANDEM_SOURCE 1
| #define HAVE_ALLOCA_H 1
| #define HAVE_ALLOCA 1
| #define HAVE_SYS_SYSCTL_H 1
| #define HAVE_SYS_SELECT_H 1
| #define HAVE_DLFCN_H 1
| #define LT_OBJDIR ".libs/"
| #define HAVE_CLOCK_GETTIME 1
| #define HAVE_OPEN_MEMSTREAM 1
| #define HAVE_LIBDRM_ATOMIC_PRIMITIVES 1
| #define HAVE_INTEL 1
| #define HAVE_VMWGFX 1
| #define HAVE_NOUVEAU 1
| #define HAVE_RADEON 1
| /* end confdefs.h.  */
| 
| /* Override any GCC internal prototype to avoid an error.
|    Use char because int might match the return type of a GCC
|    builtin and then its argument prototype would still apply.  */
| #ifdef __cplusplus
| extern "C"
| #endif
| char CU_initialize_registry ();
| int
| main ()
| {
| return CU_initialize_registry ();
|   ;
|   return 0;
| }
configure:14124: result: no
configure:14169: WARNING: Could not find cunit library. Disabling amdgpu tests
configure:14240: checking for CAIRO
configure:14247: $PKG_CONFIG --exists --print-errors "cairo"
configure:14250: $? = 0
configure:14264: $PKG_CONFIG --exists --print-errors "cairo"
configure:14267: $? = 0
configure:14305: result: yes
configure:14310: checking whether to enable Cairo tests
configure:14323: result: yes
configure:14352: checking for docbook manpages stylesheet
configure:14384: result: yes
configure:14409: checking for VALGRIND
configure:14416: $PKG_CONFIG --exists --print-errors "valgrind"
Package valgrind was not found in the pkg-config search path.
Perhaps you should add the directory containing `valgrind.pc'
to the PKG_CONFIG_PATH environment variable
No package 'valgrind' found
configure:14419: $? = 1
configure:14433: $PKG_CONFIG --exists --print-errors "valgrind"
Package valgrind was not found in the pkg-config search path.
Perhaps you should add the directory containing `valgrind.pc'
to the PKG_CONFIG_PATH environment variable
No package 'valgrind' found
configure:14436: $? = 1
configure:14450: result: no
No package 'valgrind' found
configure:14479: checking whether to enable Valgrind support
configure:14494: result: no
configure:14505: checking whether gcc supports __attribute__(("hidden"))
configure:14520: gcc -o conftest -g -O2   conftest.c  >&5
configure:14520: $? = 0
configure:14521: result: yes
configure:14652: checking that generated files are newer than configure
configure:14658: result: done
configure:14753: creating ./config.status

## ---------------------- ##
## Running config.status. ##
## ---------------------- ##

This file was extended by libdrm config.status 2.4.75, which was
generated by GNU Autoconf 2.69.  Invocation command line was

  CONFIG_FILES    = 
  CONFIG_HEADERS  = 
  CONFIG_LINKS    = 
  CONFIG_COMMANDS = 
  $ ./config.status 

on ubuntu

config.status:1219: creating Makefile
config.status:1219: creating libkms/Makefile
config.status:1219: creating libkms/libkms.pc
config.status:1219: creating intel/Makefile
config.status:1219: creating intel/libdrm_intel.pc
config.status:1219: creating radeon/Makefile
config.status:1219: creating radeon/libdrm_radeon.pc
config.status:1219: creating amdgpu/Makefile
config.status:1219: creating amdgpu/libdrm_amdgpu.pc
config.status:1219: creating nouveau/Makefile
config.status:1219: creating nouveau/libdrm_nouveau.pc
config.status:1219: creating omap/Makefile
config.status:1219: creating omap/libdrm_omap.pc
config.status:1219: creating exynos/Makefile
config.status:1219: creating exynos/libdrm_exynos.pc
config.status:1219: creating freedreno/Makefile
config.status:1219: creating freedreno/libdrm_freedreno.pc
config.status:1219: creating tegra/Makefile
config.status:1219: creating tegra/libdrm_tegra.pc
config.status:1219: creating vc4/Makefile
config.status:1219: creating vc4/libdrm_vc4.pc
config.status:1219: creating etnaviv/Makefile
config.status:1219: creating etnaviv/libdrm_etnaviv.pc
config.status:1219: creating tests/Makefile
config.status:1219: creating tests/modeprint/Makefile
config.status:1219: creating tests/modetest/Makefile
config.status:1219: creating tests/kms/Makefile
config.status:1219: creating tests/kmstest/Makefile
config.status:1219: creating tests/proptest/Makefile
config.status:1219: creating tests/radeon/Makefile
config.status:1219: creating tests/amdgpu/Makefile
config.status:1219: creating tests/vbltest/Makefile
config.status:1219: creating tests/exynos/Makefile
config.status:1219: creating tests/tegra/Makefile
config.status:1219: creating tests/nouveau/Makefile
config.status:1219: creating tests/etnaviv/Makefile
config.status:1219: creating tests/util/Makefile
config.status:1219: creating man/Makefile
config.status:1219: creating libdrm.pc
config.status:1219: creating config.h
config.status:1448: executing depfiles commands
config.status:1448: executing libtool commands

## ---------------- ##
## Cache variables. ##
## ---------------- ##

ac_cv_build=x86_64-unknown-linux-gnu
ac_cv_c_compiler_gnu=yes
ac_cv_env_CAIRO_CFLAGS_set=
ac_cv_env_CAIRO_CFLAGS_value=
ac_cv_env_CAIRO_LIBS_set=
ac_cv_env_CAIRO_LIBS_value=
ac_cv_env_CC_set=
ac_cv_env_CC_value=
ac_cv_env_CFLAGS_set=
ac_cv_env_CFLAGS_value=
ac_cv_env_CPPFLAGS_set=
ac_cv_env_CPPFLAGS_value=
ac_cv_env_CPP_set=
ac_cv_env_CPP_value=
ac_cv_env_CUNIT_CFLAGS_set=
ac_cv_env_CUNIT_CFLAGS_value=
ac_cv_env_CUNIT_LIBS_set=
ac_cv_env_CUNIT_LIBS_value=
ac_cv_env_LDFLAGS_set=
ac_cv_env_LDFLAGS_value=
ac_cv_env_LIBS_set=
ac_cv_env_LIBS_value=
ac_cv_env_LT_SYS_LIBRARY_PATH_set=
ac_cv_env_LT_SYS_LIBRARY_PATH_value=
ac_cv_env_PCIACCESS_CFLAGS_set=
ac_cv_env_PCIACCESS_CFLAGS_value=
ac_cv_env_PCIACCESS_LIBS_set=
ac_cv_env_PCIACCESS_LIBS_value=
ac_cv_env_PKG_CONFIG_LIBDIR_set=
ac_cv_env_PKG_CONFIG_LIBDIR_value=
ac_cv_env_PKG_CONFIG_PATH_set=
ac_cv_env_PKG_CONFIG_PATH_value=
ac_cv_env_PKG_CONFIG_set=
ac_cv_env_PKG_CONFIG_value=
ac_cv_env_VALGRIND_CFLAGS_set=
ac_cv_env_VALGRIND_CFLAGS_value=
ac_cv_env_VALGRIND_LIBS_set=
ac_cv_env_VALGRIND_LIBS_value=
ac_cv_env_XSLTPROC_set=
ac_cv_env_XSLTPROC_value=
ac_cv_env_build_alias_set=
ac_cv_env_build_alias_value=
ac_cv_env_host_alias_set=
ac_cv_env_host_alias_value=
ac_cv_env_target_alias_set=
ac_cv_env_target_alias_value=
ac_cv_func_alloca_works=yes
ac_cv_func_clock_gettime=yes
ac_cv_func_open_memstream=yes
ac_cv_header_dlfcn_h=yes
ac_cv_header_inttypes_h=yes
ac_cv_header_memory_h=yes
ac_cv_header_minix_config_h=no
ac_cv_header_stdc=yes
ac_cv_header_stdint_h=yes
ac_cv_header_stdlib_h=yes
ac_cv_header_string_h=yes
ac_cv_header_strings_h=yes
ac_cv_header_sys_select_h=yes
ac_cv_header_sys_stat_h=yes
ac_cv_header_sys_sysctl_h=yes
ac_cv_header_sys_types_h=yes
ac_cv_header_sys_types_h_makedev=yes
ac_cv_header_unistd_h=yes
ac_cv_host=x86_64-unknown-linux-gnu
ac_cv_lib_cunit_CU_initialize_registry=no
ac_cv_objext=o
ac_cv_path_EGREP='/bin/grep -E'
ac_cv_path_FGREP='/bin/grep -F'
ac_cv_path_GREP=/bin/grep
ac_cv_path_SED=/bin/sed
ac_cv_path_XSLTPROC=/usr/bin/xsltproc
ac_cv_path_ac_pt_PKG_CONFIG=/usr/bin/pkg-config
ac_cv_path_install='/usr/bin/install -c'
ac_cv_path_lt_DD=/bin/dd
ac_cv_path_mkdir=/bin/mkdir
ac_cv_prog_AWK=gawk
ac_cv_prog_CPP='gcc -E'
ac_cv_prog_ac_ct_AR=ar
ac_cv_prog_ac_ct_CC=gcc
ac_cv_prog_ac_ct_MANIFEST_TOOL=mt
ac_cv_prog_ac_ct_OBJDUMP=objdump
ac_cv_prog_ac_ct_RANLIB=ranlib
ac_cv_prog_ac_ct_STRIP=strip
ac_cv_prog_cc_c89=
ac_cv_prog_cc_c99=
ac_cv_prog_cc_g=yes
ac_cv_prog_make_make_set=yes
ac_cv_safe_to_define___extensions__=yes
ac_cv_sys_file_offset_bits=no
ac_cv_sys_largefile_CC=no
ac_cv_type_size_t=yes
ac_cv_working_alloca_h=yes
am_cv_CC_dependencies_compiler_type=gcc3
am_cv_make_support_nested_variables=yes
am_cv_prog_cc_c_o=yes
drm_cv_atomic_primitives=Intel
libdrm_cv_warn_cflags=' -Wall -Wextra -Wsign-compare -Werror-implicit-function-declaration -Wpointer-arith -Wwrite-strings -Wstrict-prototypes -Wmissing-prototypes -Wmissing-declarations -Wnested-externs -Wpacked -Wswitch-enum -Wmissing-format-attribute -Wstrict-aliasing=2 -Winit-self -Wdeclaration-after-statement -Wold-style-definition -Wno-unused-parameter -Wno-attributes -Wno-long-long -Winline -Wshadow -Wno-missing-field-initializers'
libdrm_cv_warn_maybe='-Wall -Wextra -Wsign-compare -Werror-implicit-function-declaration -Wpointer-arith -Wwrite-strings -Wstrict-prototypes -Wmissing-prototypes -Wmissing-declarations -Wnested-externs -Wpacked -Wswitch-enum -Wmissing-format-attribute -Wstrict-aliasing=2 -Winit-self -Wdeclaration-after-statement -Wold-style-definition -Wno-unused-parameter -Wno-attributes -Wno-long-long -Winline -Wshadow -Wno-missing-field-initializers'
lt_cv_ar_at_file=@
lt_cv_archive_cmds_need_lc=no
lt_cv_deplibs_check_method=pass_all
lt_cv_file_magic_cmd='$MAGIC_CMD'
lt_cv_file_magic_test_file=
lt_cv_ld_reload_flag=-r
lt_cv_nm_interface='BSD nm'
lt_cv_objdir=.libs
lt_cv_path_LD=/usr/bin/ld
lt_cv_path_NM='/usr/bin/nm -B'
lt_cv_path_mainfest_tool=no
lt_cv_prog_compiler_c_o=yes
lt_cv_prog_compiler_pic='-fPIC -DPIC'
lt_cv_prog_compiler_pic_works=yes
lt_cv_prog_compiler_rtti_exceptions=no
lt_cv_prog_compiler_static_works=yes
lt_cv_prog_gnu_ld=yes
lt_cv_sharedlib_from_linklib_cmd='printf %s\n'
lt_cv_shlibpath_overrides_runpath=no
lt_cv_sys_global_symbol_pipe='sed -n -e '\''s/^.*[	 ]\([ABCDGIRSTW][ABCDGIRSTW]*\)[	 ][	 ]*\([_A-Za-z][_A-Za-z0-9]*\)$/\1 \2 \2/p'\'' | sed '\''/ __gnu_lto/d'\'''
lt_cv_sys_global_symbol_to_c_name_address='sed -n -e '\''s/^: \(.*\) .*$/  {"\1", (void *) 0},/p'\'' -e '\''s/^[ABCDGIRSTW][ABCDGIRSTW]* .* \(.*\)$/  {"\1", (void *) \&\1},/p'\'''
lt_cv_sys_global_symbol_to_c_name_address_lib_prefix='sed -n -e '\''s/^: \(.*\) .*$/  {"\1", (void *) 0},/p'\'' -e '\''s/^[ABCDGIRSTW][ABCDGIRSTW]* .* \(lib.*\)$/  {"\1", (void *) \&\1},/p'\'' -e '\''s/^[ABCDGIRSTW][ABCDGIRSTW]* .* \(.*\)$/  {"lib\1", (void *) \&\1},/p'\'''
lt_cv_sys_global_symbol_to_cdecl='sed -n -e '\''s/^T .* \(.*\)$/extern int \1();/p'\'' -e '\''s/^[ABCDGIRSTW][ABCDGIRSTW]* .* \(.*\)$/extern char \1;/p'\'''
lt_cv_sys_global_symbol_to_import=
lt_cv_sys_max_cmd_len=1572864
lt_cv_to_host_file_cmd=func_convert_file_noop
lt_cv_to_tool_file_cmd=func_convert_file_noop
lt_cv_truncate_bin='/bin/dd bs=4096 count=1'
pkg_cv_CAIRO_CFLAGS='-I/usr/include/cairo -I/usr/include/glib-2.0 -I/usr/lib/x86_64-linux-gnu/glib-2.0/include -I/usr/include/pixman-1 -I/usr/include/freetype2 -I/usr/include/libpng16'
pkg_cv_CAIRO_LIBS=-lcairo
pkg_cv_PCIACCESS_CFLAGS=
pkg_cv_PCIACCESS_LIBS=-lpciaccess

## ----------------- ##
## Output variables. ##
## ----------------- ##

ACLOCAL='${SHELL} /home/usrd/libdrm-2.4.75/build-aux/missing aclocal-1.15'
ADMIN_MAN_DIR='$(mandir)/man$(ADMIN_MAN_SUFFIX)'
ADMIN_MAN_SUFFIX='8'
ALLOCA=''
AMDEPBACKSLASH='\'
AMDEP_FALSE='#'
AMDEP_TRUE=''
AMTAR='$${TAR-tar}'
AM_BACKSLASH='\'
AM_DEFAULT_V='$(AM_DEFAULT_VERBOSITY)'
AM_DEFAULT_VERBOSITY='0'
AM_V='$(V)'
APP_MAN_DIR='$(mandir)/man$(APP_MAN_SUFFIX)'
APP_MAN_SUFFIX='1'
AR='ar'
AUTOCONF='${SHELL} /home/usrd/libdrm-2.4.75/build-aux/missing autoconf'
AUTOHEADER='${SHELL} /home/usrd/libdrm-2.4.75/build-aux/missing autoheader'
AUTOMAKE='${SHELL} /home/usrd/libdrm-2.4.75/build-aux/missing automake-1.15'
AWK='gawk'
BUILD_MANPAGES_FALSE='#'
BUILD_MANPAGES_TRUE=''
CAIRO_CFLAGS='-I/usr/include/cairo -I/usr/include/glib-2.0 -I/usr/lib/x86_64-linux-gnu/glib-2.0/include -I/usr/include/pixman-1 -I/usr/include/freetype2 -I/usr/include/libpng16'
CAIRO_LIBS='-lcairo'
CC='gcc'
CCDEPMODE='depmode=gcc3'
CFLAGS='-g -O2'
CLOCK_LIB=''
CPP='gcc -E'
CPPFLAGS=''
CUNIT_CFLAGS=''
CUNIT_LIBS=''
CYGPATH_W='echo'
DEFS='-DHAVE_CONFIG_H'
DEPDIR='.deps'
DLLTOOL='false'
DRIVER_MAN_DIR='$(mandir)/man$(DRIVER_MAN_SUFFIX)'
DRIVER_MAN_SUFFIX='4'
DSYMUTIL=''
DUMPBIN=''
ECHO_C=''
ECHO_N='-n'
ECHO_T=''
EGREP='/bin/grep -E'
EXEEXT=''
FGREP='/bin/grep -F'
FILE_MAN_DIR='$(mandir)/man$(FILE_MAN_SUFFIX)'
FILE_MAN_SUFFIX='5'
GREP='/bin/grep'
HAVE_AMDGPU_FALSE='#'
HAVE_AMDGPU_TRUE=''
HAVE_CAIRO_FALSE='#'
HAVE_CAIRO_TRUE=''
HAVE_CUNIT_FALSE=''
HAVE_CUNIT_TRUE='#'
HAVE_ETNAVIV_FALSE=''
HAVE_ETNAVIV_TRUE='#'
HAVE_EXYNOS_FALSE=''
HAVE_EXYNOS_TRUE='#'
HAVE_FREEDRENO_FALSE=''
HAVE_FREEDRENO_KGSL_FALSE=''
HAVE_FREEDRENO_KGSL_TRUE='#'
HAVE_FREEDRENO_TRUE='#'
HAVE_INSTALL_TESTS_FALSE=''
HAVE_INSTALL_TESTS_TRUE='#'
HAVE_INTEL_FALSE='#'
HAVE_INTEL_TRUE=''
HAVE_LIBKMS_FALSE='#'
HAVE_LIBKMS_TRUE=''
HAVE_MANPAGES_STYLESHEET_FALSE='#'
HAVE_MANPAGES_STYLESHEET_TRUE=''
HAVE_NOUVEAU_FALSE='#'
HAVE_NOUVEAU_TRUE=''
HAVE_OMAP_FALSE=''
HAVE_OMAP_TRUE='#'
HAVE_RADEON_FALSE='#'
HAVE_RADEON_TRUE=''
HAVE_TEGRA_FALSE=''
HAVE_TEGRA_TRUE='#'
HAVE_VC4_FALSE=''
HAVE_VC4_TRUE='#'
HAVE_VMWGFX_FALSE='#'
HAVE_VMWGFX_TRUE=''
HAVE_XSLTPROC_FALSE='#'
HAVE_XSLTPROC_TRUE=''
INSTALL_DATA='${INSTALL} -m 644'
INSTALL_PROGRAM='${INSTALL}'
INSTALL_SCRIPT='${INSTALL}'
INSTALL_STRIP_PROGRAM='$(install_sh) -c -s'
LD='/usr/bin/ld -m elf_x86_64'
LDFLAGS=''
LIBOBJS=''
LIBS=''
LIBTOOL='$(SHELL) $(top_builddir)/libtool'
LIB_MAN_DIR='$(mandir)/man$(LIB_MAN_SUFFIX)'
LIB_MAN_SUFFIX='3'
LIPO=''
LN_S='ln -s'
LTLIBOBJS=''
LT_SYS_LIBRARY_PATH=''
MAKEINFO='${SHELL} /home/usrd/libdrm-2.4.75/build-aux/missing makeinfo'
MANIFEST_TOOL=':'
MANPAGES_STYLESHEET='http://docbook.sourceforge.net/release/xsl/current/manpages/docbook.xsl'
MAN_SUBSTS='	-e '\''s|__vendorversion__|"$(PACKAGE_STRING)" "$(XORG_MAN_PAGE)"|'\'' 	-e '\''s|__xorgversion__|"$(PACKAGE_STRING)" "$(XORG_MAN_PAGE)"|'\'' 	-e '\''s|__xservername__|Xorg|g'\'' 	-e '\''s|__xconfigfile__|xorg.conf|g'\'' 	-e '\''s|__projectroot__|$(prefix)|g'\'' 	-e '\''s|__apploaddir__|$(appdefaultdir)|g'\'' 	-e '\''s|__appmansuffix__|$(APP_MAN_SUFFIX)|g'\'' 	-e '\''s|__drivermansuffix__|$(DRIVER_MAN_SUFFIX)|g'\'' 	-e '\''s|__adminmansuffix__|$(ADMIN_MAN_SUFFIX)|g'\'' 	-e '\''s|__libmansuffix__|$(LIB_MAN_SUFFIX)|g'\'' 	-e '\''s|__miscmansuffix__|$(MISC_MAN_SUFFIX)|g'\'' 	-e '\''s|__filemansuffix__|$(FILE_MAN_SUFFIX)|g'\'''
MISC_MAN_DIR='$(mandir)/man$(MISC_MAN_SUFFIX)'
MISC_MAN_SUFFIX='7'
MKDIR_P='/bin/mkdir -p'
NM='/usr/bin/nm -B'
NMEDIT=''
OBJDUMP='objdump'
OBJEXT='o'
OTOOL64=''
OTOOL=''
PACKAGE='libdrm'
PACKAGE_BUGREPORT='https://bugs.freedesktop.org/enter_bug.cgi?product=DRI'
PACKAGE_NAME='libdrm'
PACKAGE_STRING='libdrm 2.4.75'
PACKAGE_TARNAME='libdrm'
PACKAGE_URL=''
PACKAGE_VERSION='2.4.75'
PATH_SEPARATOR=':'
PCIACCESS_CFLAGS=''
PCIACCESS_LIBS='-lpciaccess'
PKG_CONFIG='/usr/bin/pkg-config'
PKG_CONFIG_LIBDIR=''
PKG_CONFIG_PATH=''
PTHREADSTUBS_CFLAGS=''
PTHREADSTUBS_LIBS=''
RANLIB='ranlib'
SED='/bin/sed'
SET_MAKE=''
SHELL='/bin/bash'
STRIP='strip'
VALGRIND_CFLAGS=''
VALGRIND_LIBS=''
VERSION='2.4.75'
WARN_CFLAGS=' -Wall -Wextra -Wsign-compare -Werror-implicit-function-declaration -Wpointer-arith -Wwrite-strings -Wstrict-prototypes -Wmissing-prototypes -Wmissing-declarations -Wnested-externs -Wpacked -Wswitch-enum -Wmissing-format-attribute -Wstrict-aliasing=2 -Winit-self -Wdeclaration-after-statement -Wold-style-definition -Wno-unused-parameter -Wno-attributes -Wno-long-long -Winline -Wshadow -Wno-missing-field-initializers'
XORG_MAN_PAGE='X Version 11'
XSLTPROC='/usr/bin/xsltproc'
ac_ct_AR='ar'
ac_ct_CC='gcc'
ac_ct_DUMPBIN=''
am__EXEEXT_FALSE=''
am__EXEEXT_TRUE='#'
am__fastdepCC_FALSE='#'
am__fastdepCC_TRUE=''
am__include='include'
am__isrc=''
am__leading_dot='.'
am__nodep='_no'
am__quote=''
am__tar='$${TAR-tar} chof - "$$tardir"'
am__untar='$${TAR-tar} xf -'
bindir='${exec_prefix}/bin'
build='x86_64-unknown-linux-gnu'
build_alias=''
build_cpu='x86_64'
build_os='linux-gnu'
build_vendor='unknown'
datadir='${datarootdir}'
datarootdir='${prefix}/share'
docdir='${datarootdir}/doc/${PACKAGE_TARNAME}'
dvidir='${docdir}'
exec_prefix='${prefix}'
host='x86_64-unknown-linux-gnu'
host_alias=''
host_cpu='x86_64'
host_os='linux-gnu'
host_vendor='unknown'
htmldir='${docdir}'
includedir='${prefix}/include'
infodir='${datarootdir}/info'
install_sh='${SHELL} /home/usrd/libdrm-2.4.75/build-aux/install-sh'
kernel_source=''
libdir='${exec_prefix}/lib'
libexecdir='${exec_prefix}/libexec'
localedir='${datarootdir}/locale'
localstatedir='${prefix}/var'
mandir='${datarootdir}/man'
mkdir_p='$(MKDIR_P)'
oldincludedir='/usr/include'
pdfdir='${docdir}'
pkgconfigdir='${exec_prefix}/lib/pkgconfig'
prefix='/usr/local'
program_transform_name='s,x,x,'
psdir='${docdir}'
sbindir='${exec_prefix}/sbin'
sharedstatedir='${prefix}/com'
sysconfdir='${prefix}/etc'
target_alias=''

## ----------- ##
## confdefs.h. ##
## ----------- ##

/* confdefs.h */
#define PACKAGE_NAME "libdrm"
#define PACKAGE_TARNAME "libdrm"
#define PACKAGE_VERSION "2.4.75"
#define PACKAGE_STRING "libdrm 2.4.75"
#define PACKAGE_BUGREPORT "https://bugs.freedesktop.org/enter_bug.cgi?product=DRI"
#define PACKAGE_URL ""
#define PACKAGE "libdrm"
#define VERSION "2.4.75"
#define STDC_HEADERS 1
#define HAVE_SYS_TYPES_H 1
#define HAVE_SYS_STAT_H 1
#define HAVE_STDLIB_H 1
#define HAVE_STRING_H 1
#define HAVE_MEMORY_H 1
#define HAVE_STRINGS_H 1
#define HAVE_INTTYPES_H 1
#define HAVE_STDINT_H 1
#define HAVE_UNISTD_H 1
#define __EXTENSIONS__ 1
#define _ALL_SOURCE 1
#define _GNU_SOURCE 1
#define _POSIX_PTHREAD_SEMANTICS 1
#define _TANDEM_SOURCE 1
#define HAVE_ALLOCA_H 1
#define HAVE_ALLOCA 1
#define HAVE_SYS_SYSCTL_H 1
#define HAVE_SYS_SELECT_H 1
#define HAVE_DLFCN_H 1
#define LT_OBJDIR ".libs/"
#define HAVE_CLOCK_GETTIME 1
#define HAVE_OPEN_MEMSTREAM 1
#define HAVE_LIBDRM_ATOMIC_PRIMITIVES 1
#define HAVE_INTEL 1
#define HAVE_VMWGFX 1
#define HAVE_NOUVEAU 1
#define HAVE_RADEON 1
#define HAVE_AMDGPU 1
#define HAVE_CUNIT test "x$have_cunit" != "xno"
#define HAVE_CAIRO 1
#define HAVE_VISIBILITY 1

configure: exit 0
